c:\users\트리\desktop\작업\notwork\programming\qt\namkaotalk-with-qt\namkaotalk\x64\debug\chatlibrary.pdb
c:\users\트리\desktop\작업\notwork\programming\qt\namkaotalk-with-qt\namkaotalk\x64\debug\chatlibrary.idb
c:\users\트리\desktop\작업\notwork\programming\qt\namkaotalk-with-qt\namkaotalk\chatlibrary\x64\debug\network.obj
c:\users\트리\desktop\작업\notwork\programming\qt\namkaotalk-with-qt\namkaotalk\x64\debug\chatlibrary.lib
c:\users\트리\desktop\작업\notwork\programming\qt\namkaotalk-with-qt\namkaotalk\chatlibrary\x64\debug\vc143.idb
c:\users\트리\desktop\작업\notwork\programming\qt\namkaotalk-with-qt\namkaotalk\chatlibrary\x64\debug\vc143.pdb
c:\users\트리\desktop\작업\notwork\programming\qt\namkaotalk-with-qt\namkaotalk\chatlibrary\x64\debug\chatlibrary.tlog\cl.command.1.tlog
c:\users\트리\desktop\작업\notwork\programming\qt\namkaotalk-with-qt\namkaotalk\chatlibrary\x64\debug\chatlibrary.tlog\cl.items.tlog
c:\users\트리\desktop\작업\notwork\programming\qt\namkaotalk-with-qt\namkaotalk\chatlibrary\x64\debug\chatlibrary.tlog\cl.read.1.tlog
c:\users\트리\desktop\작업\notwork\programming\qt\namkaotalk-with-qt\namkaotalk\chatlibrary\x64\debug\chatlibrary.tlog\cl.write.1.tlog
c:\users\트리\desktop\작업\notwork\programming\qt\namkaotalk-with-qt\namkaotalk\chatlibrary\x64\debug\chatlibrary.tlog\lib-link.read.1.tlog
c:\users\트리\desktop\작업\notwork\programming\qt\namkaotalk-with-qt\namkaotalk\chatlibrary\x64\debug\chatlibrary.tlog\lib-link.write.1.tlog
c:\users\트리\desktop\작업\notwork\programming\qt\namkaotalk-with-qt\namkaotalk\chatlibrary\x64\debug\chatlibrary.tlog\lib.command.1.tlog
c:\users\트리\desktop\작업\notwork\programming\qt\namkaotalk-with-qt\namkaotalk\chatlibrary\x64\debug\chatlibrary.tlog\link-cvtres.read.1.tlog
c:\users\트리\desktop\작업\notwork\programming\qt\namkaotalk-with-qt\namkaotalk\chatlibrary\x64\debug\chatlibrary.tlog\link-cvtres.write.1.tlog
c:\users\트리\desktop\작업\notwork\programming\qt\namkaotalk-with-qt\namkaotalk\chatlibrary\x64\debug\chatlibrary.tlog\link-rc.read.1.tlog
c:\users\트리\desktop\작업\notwork\programming\qt\namkaotalk-with-qt\namkaotalk\chatlibrary\x64\debug\chatlibrary.tlog\link-rc.write.1.tlog
c:\users\트리\desktop\작업\notwork\programming\qt\namkaotalk-with-qt\namkaotalk\chatlibrary\x64\debug\chatlibrary.tlog\link.command.1.tlog
c:\users\트리\desktop\작업\notwork\programming\qt\namkaotalk-with-qt\namkaotalk\chatlibrary\x64\debug\chatlibrary.tlog\link.read.1.tlog
c:\users\트리\desktop\작업\notwork\programming\qt\namkaotalk-with-qt\namkaotalk\chatlibrary\x64\debug\chatlibrary.tlog\link.read.2.tlog
c:\users\트리\desktop\작업\notwork\programming\qt\namkaotalk-with-qt\namkaotalk\chatlibrary\x64\debug\chatlibrary.tlog\link.write.1.tlog
